<?xml version="1.0" encoding="UTF-8"?>
<testsuite xmlns:xsi="http://www.w3.org/2001/XMLSchema-instance" xsi:noNamespaceSchemaLocation="https://maven.apache.org/surefire/maven-surefire-plugin/xsd/surefire-test-report.xsd" name="com.w00d7.ReflectionUtilTest" time="0.117" tests="6" errors="0" skipped="0" failures="0">
  <properties>
[...]
</properties>
  <testcase name="testGetField" classname="com.w00d7.ReflectionUtilTest" time="0.046"/>
  <testcase name="testGetStaticField" classname="com.w00d7.ReflectionUtilTest" time="0"/>
  <testcase name="testInvokeMethod" classname="com.w00d7.ReflectionUtilTest" time="0.001"/>
  <testcase name="testSetFinalField" classname="com.w00d7.ReflectionUtilTest" time="0"/>
  <testcase name="testSetStaticField" classname="com.w00d7.ReflectionUtilTest" time="0.001"/>
  <testcase name="testSetField" classname="com.w00d7.ReflectionUtilTest" time="0.001"/>
</testsuite>